KT3D ESTIMATES WITH:  Data exported from R                                      
 2   57   43    1  1556938.0      535488.50      .50000000      135.000      135.000      1.00000       1
Estimate
EstimationVariance
 119.67090      607.39180    
 123.30930      417.02190    
 119.98740      332.24140    
 109.23350      415.39790    
 97.456690      351.45180    
 84.096180      320.52250    
 74.530420      409.12120    
 61.855360      329.96760    
 51.722380      314.82860    
 46.599740      402.94450    
 37.098120      306.84790    
 38.246430      311.87400    
 48.026140      396.27590    
 52.999020      281.80440    
 63.040410      311.48720    
 77.260280      389.00300    
 90.130010      254.66250    
 87.041500      313.26810    
 74.206230      381.03260    
 59.452130      225.35650    
 62.872910      316.67730    
 68.285800      372.29540    
 67.986710      193.52760    
 80.720860      320.82720    
 94.746990      362.36940    
 108.10280      159.38960    
 100.63460      325.79760    
 90.631110      352.00720    
 79.556900      122.59840    
 92.804910      330.89980    
 107.78600      340.92720    
 124.83060      83.140630    
 127.70670      335.77450    
 133.75990      329.11490    
 137.88170      105.72160    
 121.23290      340.16490    
 101.97390      316.70300    
 80.533520      136.98760    
 71.449400      343.90130    
 55.890010      303.85460    
 43.664830      163.21610    
 55.305910      346.81810    
 64.456350      290.71890    
 69.473390      185.12750    
 63.940350      348.93340    
 52.873470      277.55440    
 48.139680      203.53230    
 63.972220      350.27160    
 74.527190      264.53650    
 75.748890      219.24370    
 65.634870      350.70620    
 55.700620      251.65010    
 59.107690      233.05180    
 77.746120      350.37420    
 93.815440      238.88760    
 100.15940      259.66040    
 97.532450      492.48670    
 111.94820      527.78420    
 121.32260      302.33660    
 123.26270      206.04390    
 109.39380      349.30870    
 98.456510      264.33340    
 89.790500      220.29750    
 81.387380      349.68150    
 72.373080      251.43500    
 63.280370      233.09610    
 54.237240      349.25250    
 45.107660      238.20290    
 44.986140      245.04950    
 54.096020      347.89410    
 65.242490      224.16800    
 74.956860      256.56260    
 82.475670      345.60960    
 84.474400      208.67250    
 83.128200      267.78720    
 77.269830      342.36220    
 73.233420      190.91960    
 71.685010      278.69310    
 76.236190      338.14450    
 83.380970      170.06740    
 89.133830      289.13980    
 94.665050      332.94810    
 95.043360      145.29320    
 96.878260      298.95550    
 93.849110      326.77650    
 90.339220      115.83650    
 96.112650      307.98130    
 105.76110      319.63560    
 115.98450      81.195070    
 125.36650      316.09150    
 134.98630      311.56200    
 144.36680      104.13630    
 127.47870      323.20540    
 112.63390      302.61090    
 102.27970      135.21510    
 81.752850      329.28080    
 67.318240      292.87630    
 57.934430      161.32320    
 62.721880      334.28920    
 64.221440      282.49440    
 64.665670      183.17360    
 72.793610      338.22460    
 76.096410      271.62050    
 75.592900      201.55430    
 75.234030      341.09260    
 70.479770      260.39620    
 66.597370      217.27930    
 66.854610      342.89330    
 68.253300      248.88090    
 73.791510      231.19810    
 83.789570      344.24690    
 97.037410      237.32420    
 102.44760      256.12760    
 99.467960      476.80270    
 111.94390      507.57160    
 115.51090      294.17550    
 113.66590      204.54170    
 104.90250      341.74510    
 95.293650      260.96270    
 88.997540      218.69810    
 87.217900      342.84950    
 89.717450      249.12860    
 83.225110      231.53220    
 65.014360      343.56180    
 48.889560      236.74320    
 48.546730      243.54340    
 62.723680      343.21120    
 78.288220      223.28330    
 87.772160      255.12590    
 91.183730      341.79370    
 89.458360      208.15940    
 88.124460      266.43320    
 83.394780      339.30200    
 73.540390      190.63840    
 78.212810      277.43230    
 88.356160      335.73340    
 97.048630      169.92620    
 101.23950      287.98110    
 100.21800      331.08760    
 94.620830      145.23090    
 99.129120      297.90330    
 103.11440      325.36990    
 101.63920      115.81540    
 103.53220      307.03910    
 102.97050      318.59650    
 107.43320      81.191540    
 120.38210      315.25800    
 133.69480      310.81380    
 129.12710      104.13400    
 130.73060      322.47800    
 115.26400      302.08670    
 99.137570      135.21020    
 89.807140      328.65910    
 83.615100      292.52140    
 82.721740      161.31410    
 77.733290      333.76450    
 75.696530      282.26110    
 76.970370      183.15940    
 87.895670      337.78990    
 102.08910      271.47260    
 108.40370      201.53480    
 88.990500      340.73220    
 75.972300      260.30400    
 69.231080      217.25600    
 69.988110      342.60420    
 70.909710      248.82730    
 76.255370      231.17830    
 86.983730      344.09000    
 98.915400      237.30450    
 104.15450      256.01580    
 102.74680      475.16420    
 115.72950      504.97820    
 113.84280      293.76620    
 107.78020      204.53360    
 100.05690      341.54820    
 87.999850      260.90780    
 81.853330      218.67940    
 86.794500      342.61130    
 95.587560      249.08390    
 92.054790      231.50980    
 73.561490      343.37400    
 59.558180      236.71710    
 59.459170      243.52060    
 71.762160      343.07110    
 85.812550      223.26900    
 96.054340      255.10240    
 103.70030      341.68880    
 112.31910      208.15120    
 107.78600      266.41020    
 96.121800      339.22530    
 88.087900      190.63370    
 91.513290      277.41070    
 102.69680      335.67880    
 113.74860      169.92350    
 115.94630      287.96170    
 113.80890      331.04980    
 108.08670      145.22940    
 110.46890      297.88620    
 114.13260      325.34450    
 129.96940      115.81460    
 110.51210      307.02440    
 100.65900      318.58040    
 92.087500      81.191250    
 117.90550      315.25280    
 142.00150      310.81340    
 168.36270      104.13360    
 140.63040      322.47830    
 119.14160      302.09060    
 99.428680      135.20950    
 97.562120      328.67210    
 94.395770      292.53160    
 90.434470      161.31350    
 94.348520      333.78200    
 96.086690      282.27200    
 97.719900      183.15960    
 104.13740      337.81000    
 104.81730      271.48280    
 100.22060      201.53610    
 95.716850      340.75430    
 86.006420      260.31290    
 78.973470      217.25700    
 76.368500      342.61610    
 75.280780      248.82960    
 79.494610      231.17500    
 89.145310      344.07710    
 95.363480      237.29250    
 99.672560      256.07990    
 101.70520      475.24130    
 116.21880      504.84530    
 118.02360      293.83520    
 113.80380      204.52690    
 99.155000      341.53540    
 84.463040      260.90550    
 77.505580      218.68010    
 80.812370      342.62280    
 84.623780      249.08830    
 82.984820      231.51470    
 76.113890      343.39870    
 72.260080      236.72290    
 73.483410      243.52730    
 79.909470      343.09590    
 90.280750      223.27330    
 100.64360      255.11130    
 110.83900      341.71360    
 123.93440      208.15370    
 120.47010      266.42120    
 109.59500      339.24960    
 101.73950      190.63510    
 106.43030      277.42360    
 117.24590      335.70220    
 127.81510      169.92400    
 128.80760      287.97650    
 129.42240      331.07220    
 136.97070      145.22950    
 123.50450      297.90290    
 112.17050      325.36650    
 97.010990      115.81460    
 102.95210      307.04150    
 103.06280      318.60050    
 107.21170      81.191440    
 122.03290      315.26630    
 140.94620      310.82460    
 147.72440      104.13360    
 141.03420      322.49130    
 124.47550      302.09920    
 115.27700      135.20970    
 107.32570      328.67600    
 108.13170      292.53400    
 112.44690      161.31380    
 111.65920      333.78520    
 118.14900      282.27380    
 126.71530      183.16000    
 122.72690      337.81270    
 120.28140      271.48390    
 114.36720      201.53660    
 106.55840      340.75640    
 94.866200      260.31370    
 86.255550      217.25750    
 83.169710      342.61770    
 85.282970      248.83010    
 89.666150      231.17540    
 94.778530      344.07340    
 101.10010      237.28890    
 105.06930      255.98960    
 106.20520      474.33000    
 117.53050      503.68600    
 119.43660      293.67110    
 114.15930      204.52470    
 98.352690      341.52900    
 82.641920      260.90500    
 75.192100      218.68060    
 76.728760      342.62430    
 74.508960      249.08870    
 73.640350      231.51510    
 76.495020      343.39960    
 74.437270      236.72320    
 77.060160      243.52770    
 85.428350      343.09670    
 93.225500      223.27340    
 104.84110      255.11160    
 114.70030      341.71410    
 110.29840      208.15380    
 118.15880      266.42150    
 124.07790      339.24990    
 119.04280      190.63510    
 124.11940      277.42380    
 131.36200      335.70240    
 133.98500      169.92400    
 135.44380      287.97660    
 134.31660      331.07230    
 134.11460      145.22940    
 122.74020      297.90290    
 109.71670      325.36650    
 100.96480      115.81470    
 101.00810      307.04280    
 106.24620      318.60050    
 113.97540      81.191460    
 125.20400      315.26620    
 139.15860      310.82460    
 153.61490      104.13360    
 139.64370      322.49130    
 125.50370      302.10050    
 109.16990      135.20980    
 113.85520      328.67600    
 115.84020      292.53400    
 117.86630      161.31410    
 122.28040      333.78520    
 127.71140      282.27380    
 131.57930      183.16040    
 137.93270      337.81270    
 144.26590      271.48390    
 141.33760      201.53720    
 121.56170      340.75640    
 102.07580      260.31370    
 90.305560      217.25820    
 88.165590      342.61770    
 88.125890      248.83010    
 91.955080      231.17520    
 99.857980      344.07100    
 108.21950      237.28740    
 111.38950      255.98960    
 108.90110      474.33000    
 115.39920      503.68600    
 118.51440      293.67110    
 113.84660      204.52530    
 96.918810      341.52550    
 79.505970      260.90460    
 72.548730      218.68060    
 78.909320      342.62430    
 87.456140      249.08870    
 88.756320      231.51510    
 82.431980      343.39960    
 78.970970      236.72320    
 81.798680      243.52770    
 91.579830      343.09670    
 108.73310      223.27340    
 120.88140      255.11160    
 130.17680      341.71410    
 142.67980      208.15380    
 146.42510      266.42150    
 147.80860      339.24990    
 156.50700      190.63510    
 150.02210      277.42380    
 145.81000      335.70240    
 150.44000      169.92400    
 141.17200      287.97660    
 131.02060      331.07230    
 119.65070      145.22940    
 114.60840      297.90290    
 107.48310      325.36650    
 101.92680      115.81470    
 101.86360      307.04280    
 106.61540      318.60050    
 118.58610      81.191460    
 123.08150      315.26620    
 131.93200      310.82460    
 134.79360      104.13360    
 135.54380      322.49130    
 129.81220      302.10050    
 130.88950      135.20980    
 120.40900      328.67600    
 121.52390      292.53400    
 125.86990      161.31410    
 126.17610      333.78520    
 133.51740      282.27380    
 143.30390      183.16040    
 143.52790      337.81270    
 155.42120      271.48390    
 157.36670      201.53720    
 128.36470      340.75640    
 109.99940      260.31370    
 98.777920      217.25820    
 91.959670      342.61770    
 90.192350      248.83010    
 93.863910      231.17520    
 102.86500      344.07010    
 115.78340      237.28680    
 119.15420      255.98960    
 113.66230      474.33000    
 113.42830      503.68600    
 115.96800      293.67110    
 111.53510      204.52520    
 95.841300      341.52440    
 76.928260      260.90450    
 69.541850      218.68060    
 81.922340      342.62430    
 99.298350      249.08870    
 101.59190      231.51510    
 85.237570      343.39960    
 75.242400      236.72320    
 78.118460      243.52770    
 92.000660      343.09670    
 107.75240      223.27340    
 123.81560      255.11160    
 142.57280      341.71410    
 167.81520      208.15380    
 170.55870      266.42150    
 162.85500      339.24990    
 157.81890      190.63510    
 154.72490      277.42380    
 148.74370      335.70240    
 144.13150      169.92400    
 136.12870      287.97660    
 126.53980      331.07230    
 119.60520      145.22940    
 111.02100      297.90290    
 104.51090      325.36650    
 101.03620      115.81470    
 98.858210      307.04280    
 100.95910      318.60050    
 102.82410      81.191460    
 115.19550      315.26620    
 125.45210      310.82460    
 136.52170      104.13360    
 133.93400      322.49130    
 128.65200      302.10050    
 115.35380      135.20980    
 120.59590      328.67600    
 118.40620      292.53400    
 119.72340      161.31410    
 120.62590      333.78520    
 125.05140      282.27380    
 128.12690      183.16040    
 133.77240      337.81270    
 132.80020      271.48390    
 127.42020      201.53720    
 117.66110      340.75640    
 107.95060      260.31370    
 100.08180      217.25820    
 92.590280      342.61770    
 86.937200      248.83010    
 89.615170      231.17520    
 101.60290      344.07010    
 111.26020      237.28660    
 114.15740      255.98960    
 111.52780      474.33000    
 110.39430      503.68600    
 112.28580      293.67110    
 108.49500      204.52510    
 97.456920      341.52410    
 84.942040      260.90450    
 78.819020      218.68060    
 81.351460      342.62430    
 85.049260      249.08870    
 85.077730      231.51510    
 80.536010      343.39960    
 73.975810      236.72320    
 77.693470      243.52770    
 91.062010      343.09670    
 103.88630      223.27340    
 119.34160      255.11160    
 139.04580      341.71410    
 161.29990      208.15380    
 166.69780      266.42150    
 163.81810      339.24990    
 166.79720      190.63510    
 156.56940      277.42380    
 143.08620      335.70240    
 131.95160      169.92400    
 126.13490      287.97660    
 120.94640      331.07230    
 112.21740      145.22940    
 108.73690      297.90290    
 101.93380      325.36650    
 91.948110      115.81470    
 93.926060      307.04280    
 95.065160      318.60050    
 100.67470      81.191460    
 108.55110      315.26620    
 118.59580      310.82460    
 123.31050      104.13360    
 135.66130      322.49130    
 141.10340      302.10050    
 140.95500      135.20980    
 128.26240      328.67600    
 111.31520      292.53400    
 99.203650      161.31410    
 112.90940      333.78520    
 124.25140      282.27380    
 129.05560      183.16040    
 128.01470      337.81270    
 116.47900      271.48390    
 104.07290      201.53720    
 107.78210      340.75640    
 98.709950      260.31370    
 92.357220      217.25820    
 95.072010      342.61770    
 95.709790      248.83010    
 98.018620      231.17520    
 103.12900      344.07010    
 104.61770      237.28660    
 106.31630      255.98960    
 108.22020      474.33000    
 105.79810      503.68600    
 109.47410      293.67110    
 108.35470      204.52510    
 99.430890      341.52410    
 93.049420      260.90450    
 87.491400      218.68060    
 80.427930      342.62430    
 72.436170      249.08870    
 71.167220      231.51510    
 78.405160      343.39960    
 85.059710      236.72320    
 88.816150      243.52770    
 91.924640      343.09670    
 101.27340      223.27340    
 112.46240      255.11160    
 125.09170      341.71410    
 138.79380      208.15380    
 146.18470      266.42150    
 150.19720      339.24990    
 156.22890      190.63510    
 146.31050      277.42380    
 131.31260      335.70240    
 122.40370      169.92400    
 117.39660      287.97660    
 117.04860      331.07230    
 121.19140      145.22940    
 110.49060      297.90290    
 102.10090      325.36650    
 99.318910      115.81470    
 91.590620      307.04280    
 88.366350      318.60050    
 89.225940      81.191460    
 103.71030      315.26620    
 119.10870      310.82460    
 132.85410      104.13360    
 143.11940      322.49130    
 153.47470      302.10050    
 162.16220      135.20980    
 138.77390      328.67600    
 116.94570      292.53400    
 101.98210      161.31410    
 114.18150      333.78520    
 126.53900      282.27380    
 136.07050      183.16040    
 128.55750      337.81270    
 129.22510      271.48390    
 127.93860      201.53720    
 113.12030      340.75640    
 100.03990      260.31370    
 95.189350      217.25820    
 102.76320      342.61770    
 111.70240      248.83010    
 113.73720      231.17520    
 108.08500      344.07010    
 106.99580      237.28660    
 107.03170      255.98960    
 107.08090      474.33000    
 100.96200      503.68600    
 102.78530      293.67110    
 101.59410      204.52510    
 96.138540      341.52410    
 93.146970      260.90450    
 88.719000      218.68060    
 79.834090      342.62430    
 75.990650      249.08870    
 76.047670      231.51510    
 78.995090      343.39960    
 84.343990      236.72320    
 87.135430      243.52770    
 87.804920      343.09670    
 91.228880      223.27340    
 98.389270      255.11160    
 107.40890      341.71410    
 112.21840      208.15380    
 120.74550      266.42150    
 127.02030      339.24990    
 125.75700      190.63510    
 122.26160      277.42380    
 114.16090      335.70240    
 103.26410      169.92400    
 106.13980      287.97660    
 111.15870      331.07230    
 107.70650      145.22940    
 107.23090      297.90290    
 99.509940      325.36650    
 90.686800      115.81470    
 87.493080      307.04280    
 84.670500      318.60050    
 79.235940      81.191460    
 104.13000      315.26620    
 125.89520      310.82460    
 138.29530      104.13360    
 152.86810      322.49130    
 156.95300      302.10050    
 150.69470      135.20980    
 146.17490      328.67600    
 135.12220      292.53400    
 125.28610      161.31410    
 123.91780      333.78520    
 120.07010      282.27380    
 115.55710      183.16040    
 123.20820      337.81270    
 126.09090      271.48390    
 126.11150      201.53720    
 119.03520      340.75640    
 113.43120      260.31370    
 110.40790      217.25820    
 113.10180      342.61770    
 113.69890      248.83010    
 112.19330      231.17520    
 108.72630      344.07010    
 105.60690      237.28660    
 104.88900      255.98960    
 105.68500      474.33000    
 97.300490      503.68600    
 97.062770      293.67110    
 93.917180      204.52510    
 89.143260      341.52410    
 81.804820      260.90450    
 75.994260      218.68060    
 73.898930      342.62430    
 74.615460      249.08870    
 76.567990      231.51510    
 78.226320      343.39960    
 78.060970      236.72320    
 80.264270      243.52770    
 82.386960      343.09670    
 78.705680      223.27340    
 83.355490      255.11160    
 94.468120      341.71410    
 105.02850      208.15380    
 108.20050      266.42150    
 107.67420      339.24990    
 105.39950      190.63510    
 104.42580      277.42380    
 101.69340      335.70240    
 96.238010      169.92400    
 101.31370      287.97660    
 110.38050      331.07230    
 119.98680      145.22940    
 109.18410      297.90290    
 97.267710      325.36650    
 85.157070      115.81470    
 86.035330      307.04280    
 88.292710      318.60050    
 99.420460      81.191460    
 110.74830      315.26620    
 135.53890      310.82460    
 170.23290      104.13360    
 161.72220      322.49130    
 163.76440      302.10050    
 166.75490      135.20980    
 151.72250      328.67600    
 145.98360      292.53400    
 151.52730      161.31410    
 131.20180      333.78520    
 127.46280      282.27380    
 126.05830      183.16040    
 122.36580      337.81270    
 114.78590      271.48390    
 111.38800      201.53720    
 121.25880      340.75640    
 135.29590      260.31370    
 138.46780      217.25820    
 122.48250      342.61770    
 112.67120      248.83010    
 108.05080      231.17520    
 106.98160      344.07010    
 107.22560      237.28660    
 107.27920      255.98960    
 107.48900      474.33000    
 93.777630      503.68600    
 93.780570      293.67110    
 91.982820      204.52510    
 82.544830      341.52410    
 71.783310      260.90450    
 64.860450      218.68060    
 65.684170      342.62430    
 67.079970      249.08870    
 71.294170      231.51510    
 78.809120      343.39960    
 88.664220      236.72320    
 91.657200      243.52770    
 85.811940      343.09670    
 74.962370      223.27340    
 76.178900      255.11160    
 85.626010      341.71410    
 91.306220      208.15380    
 93.361120      266.42150    
 92.447070      339.24990    
 91.528690      190.63510    
 93.881220      277.42380    
 97.459440      335.70240    
 96.746530      169.92400    
 103.40680      287.97660    
 109.03800      331.07230    
 113.67400      145.22940    
 104.56770      297.90290    
 95.479420      325.36650    
 93.037530      115.81470    
 87.498130      307.04280    
 88.426850      318.60050    
 94.916300      81.191460    
 108.37860      315.26620    
 126.16190      310.82460    
 143.58130      104.13360    
 151.52130      322.49130    
 160.17670      302.10050    
 162.51350      135.20980    
 144.79500      328.67600    
 123.85400      292.53400    
 110.62510      161.31410    
 120.71400      333.78520    
 133.19180      282.27380    
 139.59470      183.16040    
 126.08220      337.81270    
 111.75920      271.48390    
 107.05660      201.53720    
 119.40570      340.75640    
 133.29620      260.31370    
 135.94380      217.25820    
 121.96750      342.61770    
 108.51320      248.83010    
 102.58150      231.17520    
 105.05410      344.07010    
 106.76330      237.28660    
 106.45010      255.98960    
 104.58430      474.33000    
 87.305500      503.68600    
 83.179740      293.67110    
 79.511690      204.52510    
 78.846690      341.52410    
 73.494330      260.90450    
 66.757260      218.68060    
 61.126850      342.62430    
 52.102880      249.08870    
 56.584940      231.51510    
 77.791450      343.39960    
 98.704540      236.72320    
 104.86890      243.52770    
 97.287780      343.09670    
 88.714710      223.27340    
 84.222870      255.11160    
 82.284780      341.71410    
 79.255360      208.15380    
 79.614010      266.42150    
 80.458550      339.24990    
 77.087040      190.63510    
 86.540600      277.42380    
 99.799300      335.70240    
 114.88610      169.92400    
 112.13400      287.97660    
 106.57010      331.07230    
 92.436730      145.22940    
 93.943340      297.90290    
 88.253800      325.36650    
 83.357510      115.81470    
 83.922510      307.04280    
 87.742890      318.60050    
 85.519870      81.191460    
 104.21240      315.26620    
 112.44810      310.82460    
 111.91350      104.13360    
 133.08830      322.49130    
 147.53880      302.10050    
 155.92700      135.20980    
 131.36950      328.67600    
 103.93150      292.53400    
 85.467420      161.31410    
 110.18230      333.78520    
 130.84650      282.27380    
 139.15220      183.16040    
 129.87930      337.81270    
 117.19030      271.48390    
 110.73930      201.53720    
 118.46620      340.75640    
 121.53620      260.31370    
 120.05850      217.25820    
 117.11160      342.61770    
 111.96190      248.83010    
 107.50610      231.17520    
 104.10450      344.07010    
 103.76840      237.28660    
 103.72030      255.98960    
 103.26390      474.33000    
 86.098010      503.68600    
 79.378680      293.67110    
 76.088030      204.52510    
 81.620830      341.52410    
 86.665630      260.90450    
 82.639750      218.68060    
 64.694820      342.62430    
 46.741990      249.08870    
 50.096020      231.51510    
 78.220890      343.39960    
 102.55780      236.72320    
 111.36890      243.52770    
 107.45510      343.09670    
 105.67430      223.27340    
 95.974340      255.11160    
 81.988010      341.71410    
 73.532520      208.15380    
 72.117790      266.42150    
 75.513190      339.24990    
 81.388230      190.63510    
 89.627400      277.42380    
 100.57940      335.70240    
 109.76140      169.92400    
 111.39260      287.97660    
 109.52620      331.07230    
 112.42420      145.22940    
 96.152850      297.90290    
 81.136680      325.36650    
 67.628490      115.81470    
 79.888310      307.04280    
 94.864910      318.60050    
 111.89120      81.191460    
 111.27430      315.26620    
 111.68270      310.82460    
 114.07630      104.13360    
 121.09920      322.49130    
 127.26830      302.10050    
 127.75960      135.20980    
 116.43910      328.67600    
 102.55790      292.53400    
 96.293560      161.31410    
 111.78880      333.78520    
 128.75590      282.27380    
 138.57810      183.16040    
 132.35910      337.81270    
 129.60570      271.48390    
 128.30130      201.53720    
 121.30520      340.75640    
 120.74150      260.31370    
 118.65360      217.25820    
 111.92800      342.61770    
 107.15060      248.83010    
 103.50430      231.17520    
 100.86720      344.07010    
 100.39590      237.28660    
 100.72630      255.98960    
 100.88430      474.33000    
 88.047150      503.68600    
 83.226700      293.67110    
 81.910510      204.52510    
 87.841810      341.52410    
 90.533810      260.90450    
 85.701440      218.68060    
 72.242820      342.62430    
 60.098270      249.08870    
 62.807640      231.51510    
 83.071990      343.39960    
 108.86800      236.72320    
 116.89410      243.52770    
 108.53570      343.09670    
 101.88030      223.27340    
 91.321100      255.11160    
 77.262530      341.71410    
 65.287390      208.15380    
 64.642330      266.42150    
 71.592400      339.24990    
 83.548890      190.63510    
 92.196210      277.42380    
 100.75180      335.70240    
 103.77340      169.92400    
 107.18640      287.97660    
 105.17970      331.07230    
 106.32810      145.22940    
 90.214330      297.90290    
 77.547740      325.36650    
 70.291460      115.81470    
 81.558560      307.04280    
 98.692770      318.60050    
 122.48230      81.191460    
 114.62680      315.26620    
 113.43700      310.82460    
 113.86570      104.13360    
 113.44710      322.49130    
 109.04300      302.10050    
 101.33950      135.20980    
 104.58990      328.67600    
 106.13570      292.53400    
 112.12800      161.31410    
 117.55070      333.78520    
 125.68890      282.27380    
 128.64870      183.16040    
 129.55760      337.81270    
 123.93690      271.48390    
 119.61410      201.53720    
 117.53430      340.75640    
 116.16580      260.31370    
 112.12510      217.25820    
 105.25320      342.61770    
 96.704500      248.83010    
 93.056680      231.17520    
 95.698270      344.07010    
 98.846970      237.28660    
 100.17180      255.98960    
 99.770030      474.33000    
 90.652290      503.68600    
 91.827680      293.67110    
 94.995490      204.52510    
 98.240090      341.52410    
 97.790270      260.90450    
 91.257740      218.68060    
 81.826000      342.62430    
 70.030240      249.08870    
 69.356770      231.51510    
 82.288460      343.39960    
 100.73270      236.72320    
 106.48680      243.52770    
 99.295560      343.09670    
 91.809900      223.27340    
 81.871310      255.11160    
 70.130780      341.71410    
 62.114870      208.15380    
 60.478330      266.42150    
 65.022340      339.24990    
 69.803670      190.63510    
 86.573550      277.42380    
 105.53750      335.70240    
 118.98170      169.92400    
 113.14510      287.97660    
 95.334110      331.07230    
 66.775310      145.22940    
 73.128940      297.90290    
 76.989430      325.36650    
 76.796260      115.81470    
 87.332410      307.04280    
 95.901210      318.60050    
 92.617390      81.191460    
 109.13850      315.26620    
 114.05110      310.82460    
 114.29470      104.13360    
 110.86530      322.49130    
 103.06910      302.10050    
 93.493150      135.20980    
 100.57410      328.67600    
 104.04030      292.53400    
 109.04520      161.31410    
 121.16420      333.78520    
 134.55530      282.27380    
 139.34290      183.16040    
 132.50470      337.81270    
 117.41710      271.48390    
 107.45160      201.53720    
 114.45300      340.75640    
 115.33400      260.31370    
 110.64950      217.25820    
 100.79490      342.61770    
 89.027150      248.83010    
 85.062000      231.17520    
 90.824440      344.07010    
 97.055300      237.28660    
 99.147930      255.98960    
 97.760460      474.33000    
 91.056720      503.68600    
 94.694940      293.67110    
 100.62690      204.52510    
 109.01520      341.52410    
 120.41850      260.90450    
 117.91480      218.68060    
 93.925540      342.62430    
 72.669820      249.08870    
 66.869290      231.51510    
 76.339510      343.39960    
 83.196910      236.72320    
 86.320870      243.52770    
 85.482170      343.09670    
 79.826060      223.27340    
 71.712430      255.11160    
 61.840400      341.71410    
 50.790680      208.15380    
 53.378300      266.42150    
 62.402100      339.24990    
 70.335020      190.63510    
 88.132120      277.42380    
 111.67590      335.70240    
 134.86260      169.92400    
 121.89800      287.97660    
 97.216560      331.07230    
 75.660450      145.22940    
 74.990530      297.90290    
 82.922630      325.36650    
 96.228560      115.81470    
 97.161490      307.04280    
 103.11460      318.60050    
 107.81340      81.191460    
 112.67600      315.26620    
 115.03250      310.82460    
 118.01860      104.13360    
 110.69230      322.49130    
 107.92860      302.10050    
 108.07610      135.20980    
 104.21640      328.67600    
 103.88870      292.53400    
 107.08540      161.31410    
 121.15610      333.78520    
 140.89050      282.27380    
 156.17320      183.16040    
 137.12420      337.81270    
 126.34640      271.48390    
 121.01380      201.53720    
 119.26320      340.75640    
 118.08190      260.31370    
 112.28540      217.25820    
 100.48040      342.61770    
 87.914970      248.83010    
 83.468280      231.17520    
 88.249730      344.07010    
 91.895680      237.28660    
 93.624330      255.98960    
 93.491420      474.33000    
 92.719510      503.68600    
 96.844830      293.67110    
 102.07660      204.52510    
 113.86960      341.52410    
 126.69880      260.90450    
 125.51130      218.68060    
 101.30540      342.62430    
 78.152930      249.08870    
 70.130910      231.51510    
 77.026120      343.39960    
 77.733520      236.72320    
 77.806620      243.52770    
 76.737400      343.09670    
 69.163620      223.27340    
 63.184090      255.11160    
 58.666190      341.71410    
 52.694170      208.15380    
 56.333140      266.42150    
 66.671160      339.24990    
 77.725550      190.63510    
 93.959140      277.42380    
 112.46560      335.70240    
 124.32380      169.92400    
 120.03450      287.97660    
 103.82720      331.07230    
 89.145050      145.22940    
 85.710780      297.90290    
 87.782520      325.36650    
 90.085670      115.81470    
 100.60140      307.04280    
 112.27890      318.60050    
 129.31080      81.191460    
 117.75990      315.26620    
 111.46790      310.82460    
 106.98660      104.13360    
 104.75960      322.49130    
 105.73070      302.10050    
 112.10310      135.20980    
 102.24850      328.67600    
 102.62250      292.53400    
 109.64380      161.31410    
 113.06740      333.78520    
 120.53920      282.27380    
 125.01220      183.16040    
 129.33590      337.81270    
 131.49010      271.48390    
 130.53120      201.53720    
 123.94570      340.75640    
 119.62490      260.31370    
 113.12410      217.25820    
 101.43160      342.61770    
 92.190090      248.83010    
 87.943230      231.17520    
 88.759080      344.07010    
 91.505170      237.28660    
 92.278020      255.98960    
 90.665160      474.33000    
 94.500770      503.68600    
 104.01890      293.67110    
 112.56130      204.52510    
 111.65790      341.52410    
 114.35250      260.90450    
 112.86760      218.68060    
 104.30290      342.62430    
 95.021740      249.08870    
 89.521190      231.51510    
 88.011690      343.39960    
 88.556340      236.72320    
 85.824540      243.52770    
 78.138140      343.09670    
 65.742930      223.27340    
 61.700480      255.11160    
 63.004050      341.71410    
 63.770210      208.15380    
 65.852260      266.42150    
 73.294270      339.24990    
 86.721280      190.63510    
 98.496480      277.42380    
 111.86660      335.70240    
 123.26490      169.92400    
 119.70480      287.97660    
 109.12680      331.07230    
 100.69000      145.22940    
 96.096180      297.90290    
 95.222660      325.36650    
 91.457660      115.81470    
 104.10910      307.04280    
 113.51040      318.60050    
 115.60650      81.191460    
 114.39630      315.26620    
 105.68060      310.82460    
 95.930670      104.13360    
 95.632410      322.49130    
 92.179300      302.10050    
 85.085280      135.20980    
 90.123800      328.67600    
 90.997750      292.53400    
 92.980590      161.31410    
 99.106060      333.78520    
 103.19300      282.27380    
 107.67000      183.16040    
 118.42210      337.81270    
 127.93560      271.48390    
 131.49640      201.53720    
 122.18290      340.75640    
 114.24930      260.31370    
 106.78630      217.25820    
 99.976890      342.61770    
 93.977560      248.83010    
 89.794400      231.17520    
 88.280780      344.07010    
 90.642880      237.28660    
 90.864390      255.98960    
 88.691260      474.33000    
 88.095460      503.68600    
 92.360720      293.67110    
 98.854360      204.52510    
 99.797060      341.52410    
 101.14700      260.90450    
 102.63410      218.68060    
 106.50140      342.62430    
 107.03590      249.08870    
 104.67100      231.51510    
 99.978520      343.39960    
 96.518140      236.72320    
 93.320610      243.52770    
 88.985040      343.09670    
 80.901130      223.27340    
 76.263770      255.11160    
 73.189030      341.71410    
 65.737200      208.15380    
 68.910090      266.42150    
 76.764500      339.24990    
 83.937640      190.63510    
 95.172620      277.42380    
 108.65770      335.70240    
 122.75090      169.92400    
 119.04200      287.97660    
 110.31080      331.07230    
 106.15830      145.22940    
 101.92700      297.90290    
 104.67270      325.36650    
 119.12820      115.81470    
 110.69520      307.04280    
 111.42680      318.60050    
 122.63550      81.191460    
 109.10190      315.26620    
 102.31120      310.82460    
 95.420040      104.13360    
 90.833720      322.49130    
 85.073060      302.10050    
 81.381260      135.20980    
 81.831880      328.67600    
 82.261790      292.53400    
 81.205270      161.31410    
 89.260290      333.78520    
 93.993480      282.27380    
 99.703940      183.16040    
 110.18510      337.81270    
 116.59050      271.48390    
 117.76730      201.53720    
 117.15850      340.75640    
 109.89490      260.31370    
 102.60380      217.25820    
 98.241630      342.61770    
 92.465940      248.83010    
 87.530480      231.17520    
 84.205220      344.07010    
 81.991100      237.28660    
 81.993830      255.98960    
 84.397810      474.33000    
 74.239710      503.68600    
 66.361550      293.67110    
 66.499030      204.52510    
 86.589600      341.52410    
 101.68290      260.90450    
 109.53440      218.68060    
 111.64270      342.62430    
 111.44150      249.08870    
 111.05930      231.51510    
 110.35570      343.39960    
 107.99940      236.72320    
 105.21710      243.52770    
 103.86900      343.09670    
 107.86310      223.27340    
 100.66140      255.11160    
 88.559490      341.71410    
 85.767420      208.15380    
 82.361110      266.42150    
 80.676740      339.24990    
 81.877650      190.63510    
 89.763310      277.42380    
 100.72740      335.70240    
 109.68120      169.92400    
 111.33070      287.97660    
 107.31680      331.07230    
 95.980960      145.22940    
 101.65160      297.90290    
 103.57890      325.36650    
 103.24170      115.81470    
 104.38940      307.04280    
 102.39600      318.60050    
 87.320660      81.191460    
 98.875580      315.26620    
 99.016950      310.82460    
 98.808310      104.13360    
 88.123250      322.49130    
 80.523050      302.10050    
 75.475040      135.20980    
 76.448380      328.67600    
 80.373560      292.53400    
 85.842010      161.31410    
 83.726810      333.78520    
 87.107220      282.27380    
 96.269030      183.16040    
 105.92900      337.81270    
 115.69930      271.48390    
 119.74980      201.53720    
 116.90010      340.75640    
 110.71810      260.31370    
 104.58170      217.25820    
 98.782540      342.61770    
 92.517240      248.83010    
 86.629230      231.17520    
 80.895200      344.07010    
 71.282460      237.28660    
 70.280730      255.98960    
 77.752850      474.33000    
 67.906560      503.68600    
 59.349950      293.67110    
 59.776980      204.52510    
 81.683880      341.52410    
 106.75150      260.90450    
 120.65620      218.68060    
 115.53730      342.62430    
 116.02620      249.08870    
 117.99330      231.51510    
 120.18850      343.39960    
 123.06200      236.72320    
 118.96360      243.52770    
 110.14900      343.09670    
 107.25810      223.27340    
 101.04820      255.11160    
 94.394260      341.71410    
 93.381940      208.15380    
 89.551500      266.42150    
 83.512600      339.24990    
 81.728800      190.63510    
 85.927040      277.42380    
 93.413890      335.70240    
 97.569980      169.92400    
 104.61710      287.97660    
 109.37460      331.07230    
 117.54830      145.22940    
 110.21720      297.90290    
 103.97370      325.36650    
 88.781170      115.81470    
 100.76070      307.04280    
 103.95240      318.60050    
 105.80290      81.191460    
 98.066140      315.26620    
 93.053360      310.82460    
 87.722420      104.13360    
 82.357110      322.49130    
 76.949570      302.10050    
 71.065590      135.20980    
 71.084680      328.67600    
 71.065540      292.53400    
 74.053700      161.31410    
 73.261220      333.78520    
 75.382340      282.27380    
 82.565640      183.16040    
 104.09200      337.81270    
 121.45270      271.48390    
 127.69570      201.53720    
 120.99790      340.75640    
 108.29670      260.31370    
 100.54520      217.25820    
 101.15480      342.61770    
 101.23640      248.83010    
 96.526780      231.17520    
 85.606740      344.07010    
 70.845080      237.28660    
 68.550930      255.98960    
 77.578390      474.33000    
 69.919240      503.68600    
 67.750970      293.67110    
 70.768140      204.52510    
 78.785500      341.52410    
 89.476140      260.90450    
 100.14490      218.68060    
 110.40850      342.62430    
 117.61680      249.08870    
 122.18240      231.51510    
 125.67340      343.39960    
 130.84000      236.72320    
 123.90200      243.52770    
 105.35790      343.09670    
 87.655010      223.27340    
 84.291850      255.11160    
 90.340650      341.71410    
 95.250110      208.15380    
 91.595910      266.42150    
 83.455420      339.24990    
 75.783620      190.63510    
 81.568760      277.42380    
 91.595320      335.70240    
 98.955300      169.92400    
 105.67180      287.97660    
 110.35090      331.07230    
 111.12360      145.22940    
 114.47810      297.90290    
 115.70530      325.36650    
 121.04290      115.81470    
 113.38970      307.04280    
 110.03370      318.60050    
 107.40010      81.191460    
 98.472690      315.26620    
 88.176220      310.82460    
 76.974190      104.13360    
 76.894850      322.49130    
 76.139180      302.10050    
 74.631110      135.20980    
 67.183330      328.67600    
 58.888630      292.53400    
 51.328210      161.31410    
 63.142570      333.78520    
 70.783420      282.27380    
 83.072670      183.16040    
 106.41210      337.81270    
 131.82550      271.48390    
 142.91480      201.53720    
 128.14280      340.75640    
 111.38490      260.31370    
 102.13950      217.25820    
 105.22630      342.61770    
 110.18210      248.83010    
 107.60170      231.17520    
 96.250020      344.07010    
 88.280850      237.28660    
 84.454520      255.98960    
 83.567960      474.33000    
 71.298730      503.68600    
 71.107440      293.67110    
 73.685620      204.52510    
 74.809970      341.52410    
 77.405400      260.90450    
 86.814210      218.68060    
 106.58110      342.62430    
 120.66560      249.08870    
 126.10170      231.51510    
 124.14060      343.39960    
 122.34800      236.72320    
 113.58470      243.52770    
 97.686210      343.09670    
 82.636120      223.27340    
 79.982880      255.11160    
 86.577430      341.71410    
 91.452610      208.15380    
 89.553730      266.42150    
 84.181120      339.24990    
 80.240390      190.63510    
 84.351790      277.42380    
 93.760180      335.70240    
 107.02060      169.92400    
 110.22860      287.97660    
 112.92710      331.07230    
 113.96770      145.22940    
 119.14080      297.90290    
 123.85960      325.36650    
 130.63670      115.81470    
 121.15140      307.04280    
 112.96310      318.60050    
 107.26990      81.191460    
 98.222040      315.26620    
 88.461580      310.82460    
 77.410580      104.13360    
 75.260440      322.49130    
 72.992770      302.10050    
 71.776360      135.20980    
 63.240320      328.67600    
 58.490380      292.53400    
 58.135520      161.31410    
 61.459690      333.78520    
 68.275460      282.27380    
 82.673710      183.16040    
 106.68850      337.81270    
 133.03690      271.48390    
 144.45720      201.53720    
 131.32660      340.75640    
 118.14890      260.31370    
 110.08590      217.25820    
 106.61100      342.61770    
 108.00130      248.83010    
 106.46920      231.17520    
 101.92780      344.07010    
 104.15290      237.28660    
 100.82750      255.98960    
 92.422290      474.33000    
 66.326640      503.68600    
 63.430520      293.67110    
 64.684780      204.52510    
 70.856380      341.52410    
 79.474060      260.90450    
 92.007450      218.68060    
 109.11590      342.62430    
 124.26650      249.08870    
 128.25840      231.51510    
 119.12320      343.39960    
 103.08330      236.72320    
 94.841130      243.52770    
 93.018950      343.09670    
 85.823490      223.27340    
 84.201580      255.11160    
 86.636860      341.71410    
 85.536730      208.15380    
 84.862920      266.42150    
 84.573750      339.24990    
 88.335830      190.63510    
 88.985060      277.42380    
 93.073160      335.70240    
 98.281870      169.92400    
 107.18390      287.97660    
 116.39760      331.07230    
 127.64690      145.22940    
 124.73680      297.90290    
 122.69080      325.36650    
 121.64320      115.81470    
 118.73220      307.04280    
 112.95610      318.60050    
 102.75520      81.191460    
 99.656840      315.26620    
 92.438350      310.82460    
 86.682070      104.13360    
 75.482690      322.49130    
 67.025650      302.10050    
 57.898330      135.20980    
 56.578160      328.67600    
 55.556800      292.53400    
 58.961730      161.31410    
 60.614620      333.78520    
 66.696930      282.27380    
 78.000240      183.16040    
 105.30920      337.81270    
 128.49390      271.48390    
 137.33840      201.53720    
 127.26800      340.75640    
 115.71270      260.31370    
 107.11450      217.25820    
 102.57920      342.61770    
 99.749170      248.83010    
 98.162400      231.17520    
 97.583650      344.07010    
 97.090630      237.28660    
 94.703560      255.98960    
 90.944110      474.33000    
 65.408780      503.68600    
 57.697820      293.67110    
 55.387760      204.52510    
 69.521550      341.52410    
 83.613010      260.90450    
 97.700130      218.68060    
 112.25540      342.62430    
 130.16860      249.08870    
 133.88240      231.51510    
 118.76110      343.39960    
 100.82440      236.72320    
 94.567960      243.52770    
 98.418140      343.09670    
 98.651080      223.27340    
 96.895720      255.11160    
 93.381020      341.71410    
 88.119880      208.15380    
 85.217220      266.42150    
 83.435600      339.24990    
 76.577060      190.63510    
 84.128270      277.42380    
 92.370720      335.70240    
 95.572550      169.92400    
 105.08890      287.97660    
 114.87600      331.07230    
 124.91230      145.22940    
 120.01260      297.90290    
 115.11380      325.36650    
 114.26460      115.81470    
 114.33110      307.04280    
 115.73820      318.60050    
 114.05260      81.191460    
 106.06600      315.26620    
 94.968560      310.82460    
 82.917660      104.13360    
 74.242080      322.49130    
 64.688640      302.10050    
 56.422810      135.20980    
 51.431960      328.67600    
 46.786280      292.53400    
 46.067410      161.31410    
 58.118550      333.78520    
 72.478840      282.27380    
 89.634550      183.16040    
 105.33710      337.81270    
 122.06230      271.48390    
 127.89000      201.53720    
 116.27980      340.75640    
 106.93400      260.31370    
 100.80460      217.25820    
 94.164540      342.61770    
 93.074580      248.83010    
 92.430680      231.17520    
 90.379820      344.07010    
 86.770990      237.28660    
 86.148600      255.98960    
 88.594530      474.33000    
 73.891940      503.68600    
 69.145910      293.67110    
 68.228870      204.52510    
 73.132820      341.52410    
 81.056620      260.90450    
 92.524420      218.68060    
 106.99600      342.62430    
 125.84190      249.08870    
 131.13850      231.51510    
 119.36210      343.39960    
 108.84730      236.72320    
 106.27640      243.52770    
 111.28650      343.09670    
 118.68750      223.27340    
 114.96040      255.11160    
 103.88860      341.71410    
 93.162800      208.15380    
 89.068340      266.42150    
 87.931200      339.24990    
 91.679760      190.63510    
 91.514420      277.42380    
 97.051990      335.70240    
 106.98970      169.92400    
 108.17830      287.97660    
 108.24430      331.07230    
 106.01440      145.22940    
 105.32750      297.90290    
 101.75710      325.36650    
 101.40740      115.81470    
 106.40970      307.04280    
 117.67100      318.60050    
 130.27910      81.191460    
 111.67510      315.26620    
 94.681200      310.82460    
 85.108410      104.13360    
 72.386670      322.49130    
 64.888050      302.10050    
 57.073410      135.20980    
 49.965400      328.67600    
 42.142970      292.53400    
 41.158920      161.31410    
 57.491510      333.78520    
 75.256520      282.27380    
 89.915630      183.16040    
 104.03500      337.81270    
 113.63670      271.48390    
 113.24070      201.53720    
 99.843450      340.75640    
 80.650090      260.31370    
 72.397570      217.25820    
 81.777120      342.61770    
 88.418500      248.83010    
 90.362980      231.17520    
 87.143490      344.07010    
 79.253800      237.28660    
 79.401470      255.98960    
 86.518170      474.33000    
 83.102310      503.68600    
 80.934330      293.67110    
 80.595090      204.52510    
 79.105390      341.52410    
 74.522750      260.90450    
 78.202340      218.68060    
 96.884850      342.62430    
 106.27580      249.08870    
 112.29960      231.51510    
 117.60570      343.39960    
 118.59150      236.72320    
 120.47730      243.52770    
 123.36690      343.09670    
 123.07550      223.27340    
 120.19700      255.11160    
 114.51690      341.71410    
 107.93160      208.15380    
 100.43620      266.42150    
 92.780660      339.24990    
 83.902290      190.63510    
 89.925060      277.42380    
 99.846980      335.70240    
 107.46880      169.92400    
 106.78530      287.97660    
 101.90460      331.07230    
 96.751530      145.22940    
 93.290210      297.90290    
 88.651660      325.36650    
 76.834910      115.81470    
 95.714210      307.04280    
 111.25820      318.60050    
 124.48000      81.191460    
 107.99990      315.26620    
 88.618900      310.82460    
 66.800100      104.13360    
 69.927000      322.49130    
 67.855190      302.10050    
 62.768570      135.20980    
 53.075050      328.67600    
 42.152460      292.53400    
 40.458630      161.31410    
 60.641170      333.78520    
 83.356690      282.27380    
 99.208720      183.16040    
 103.18190      337.81270    
 104.32230      271.48390    
 100.92980      201.53720    
 86.441810      340.75640    
 69.902460      260.31370    
 63.779490      217.25820    
 75.649370      342.61770    
 86.334240      248.83010    
 91.302770      231.17520    
 89.987630      344.07010    
 89.124620      237.28660    
 90.388120      255.98960    
 93.570140      474.33000    
 87.975220      503.68600    
 87.735990      293.67110    
 88.269380      204.52510    
 90.483180      341.52410    
 91.566960      260.90450    
 94.036030      218.68060    
 98.319470      342.62430    
 100.25130      249.08870    
 106.53570      231.51510    
 119.29250      343.39960    
 133.18710      236.72320    
 138.63840      243.52770    
 136.42240      343.09670    
 132.83760      223.27340    
 128.93750      255.11160    
 124.23000      341.71410    
 121.64950      208.15380    
 111.24170      266.42150    
 99.530960      339.24990    
 91.139280      190.63510    
 94.956700      277.42380    
 102.74520      335.70240    
 106.94680      169.92400    
 103.29600      287.97660    
 95.629780      331.07230    
 89.677580      145.22940    
 84.168470      297.90290    
 83.174030      325.36650    
 94.419720      115.81470    
 92.273560      307.04280    
 99.557040      318.60050    
 102.19320      81.191460    
 99.318060      315.26620    
 88.851630      310.82460    
 77.413900      104.13360    
 75.923230      322.49130    
 74.345000      302.10050    
 70.164660      135.20980    
 61.238420      328.67600    
 50.110960      292.53400    
 45.001370      161.31410    
 69.324180      333.78520    
 92.283060      282.27380    
 106.44340      183.16040    
 102.15140      337.81270    
 92.026740      271.48390    
 81.305340      201.53720    
 78.533990      340.75640    
 72.538060      260.31370    
 72.013500      217.25820    
 76.067690      342.61770    
 79.507730      248.83010    
 85.236750      231.17520    
 94.925110      344.07010    
 101.06030      237.28660    
 103.21330      255.98960    
 103.65120      474.33000    
 91.410200      503.68600    
 96.157910      293.67110    
 100.05570      204.52510    
 103.64030      341.52410    
 111.85540      260.90450    
 114.36610      218.68060    
 104.92990      342.62430    
 101.27340      249.08870    
 106.74730      231.51510    
 120.46750      343.39960    
 135.15030      236.72320    
 143.41290      243.52770    
 146.77020      343.09670    
 153.96610      223.27340    
 146.50950      255.11160    
 129.03010      341.71410    
 114.44230      208.15380    
 107.24330      266.42150    
 105.65290      339.24990    
 110.30270      190.63510    
 107.87950      277.42380    
 107.45060      335.70240    
 108.00110      169.92400    
 100.93510      287.97660    
 88.291430      331.07230    
 74.781580      145.22940    
 72.395950      297.90290    
 72.424640      325.36650    
 68.671790      115.81470    
 82.007920      307.04280    
 90.117340      318.60050    
 94.486100      81.191460    
 94.800730      315.26620    
 93.021640      310.82460    
 92.818580      104.13360    
 85.393610      322.49130    
 81.946120      302.10050    
 79.937640      135.20980    
 72.878000      328.67600    
 69.036860      292.53400    
 72.684780      161.31410    
 83.203290      333.78520    
 98.495350      282.27380    
 107.05850      183.16040    
 102.41160      337.81270    
 93.663460      271.48390    
 85.469760      201.53720    
 77.978100      340.75640    
 71.077150      260.31370    
 71.643420      217.25820    
 83.243000      342.61770    
 89.649950      248.83010    
 95.938670      231.17520    
 104.19720      344.07010    
 107.09710      237.28660    
 107.18950      255.98960    
 106.35320      474.33000    
 98.570010      503.68600    
 105.92920      293.67110    
 109.93850      204.52510    
 110.10090      341.52410    
 112.56180      260.90450    
 112.35740      218.68060    
 105.08030      342.62430    
 101.91180      249.08870    
 107.53080      231.51510    
 121.20350      343.39960    
 132.61130      236.72320    
 141.39170      243.52770    
 148.06750      343.09670    
 151.83030      223.27340    
 146.04040      255.11160    
 130.75800      341.71410    
 108.44500      208.15380    
 104.21680      266.42150    
 106.44240      339.24990    
 106.27990      190.63510    
 106.27880      277.42380    
 108.67320      335.70240    
 111.88450      169.92400    
 101.30990      287.97660    
 83.536440      331.07230    
 66.661290      145.22940    
 64.598520      297.90290    
 66.612140      325.36650    
 68.923000      115.81470    
 78.474270      307.04280    
 88.302670      318.60050    
 85.803560      81.191460    
 96.595830      315.26620    
 96.282880      310.82460    
 91.159800      104.13360    
 92.820140      322.49130    
 90.415070      302.10050    
 82.905010      135.20980    
 84.890330      328.67600    
 83.823840      292.53400    
 86.207050      161.31410    
 93.951400      333.78520    
 104.80450      282.27380    
 110.09830      183.16040    
 103.96110      337.81270    
 94.815720      271.48390    
 86.945560      201.53720    
 81.180690      340.75640    
 76.900720      260.31370    
 81.625390      217.25820    
 97.503460      342.61770    
 118.37380      248.83010    
 125.99300      231.17520    
 117.48880      344.07010    
 112.09820      237.28660    
 109.44540      255.98960    
 108.43900      474.33000    
 102.36930      503.68600    
 114.61850      293.67110    
 120.35780      204.52510    
 109.24940      341.52410    
 99.450970      260.90450    
 95.652570      218.68060    
 99.830820      342.62430    
 105.56750      249.08870    
 113.85680      231.51510    
 124.28050      343.39960    
 137.03310      236.72320    
 144.46670      243.52770    
 146.06840      343.09670    
 146.61110      223.27340    
 142.32750      255.11160    
 136.61980      341.71410    
 138.08670      208.15380    
 124.93260      266.42150    
 107.97430      339.24990    
 95.438110      190.63510    
 96.634780      277.42380    
 104.56110      335.70240    
 111.85390      169.92400    
 101.00630      287.97660    
 82.803320      331.07230    
 62.557060      145.22940    
 64.583900      297.90290    
 68.019030      325.36650    
 69.971790      115.81470    
 80.535540      307.04280    
 94.808890      318.60050    
 120.32990      81.191460    
 104.28950      315.26620    
 100.46570      310.82460    
 104.41720      104.13360    
 99.950290      322.49130    
 103.22620      302.10050    
 109.33870      135.20980    
 96.833380      328.67600    
 92.716920      292.53400    
 94.771320      161.31410    
 97.342130      333.78520    
 107.05520      282.27380    
 113.76930      183.16040    
 103.97920      337.81270    
 96.414140      271.48390    
 90.977050      201.53720    
 86.444660      340.75640    
 82.300870      260.31370    
 87.268620      217.25820    
 107.82830      342.61770    
 132.10510      248.83010    
 139.43570      231.17520    
 124.81600      344.07010    
 109.74920      237.28660    
 106.34390      255.98960    
 111.67740      474.33000    
 97.311870      503.68600    
 105.58250      293.67110    
 110.28480      204.52510    
 100.13760      341.52410    
 92.590320      260.90450    
 90.325360      218.68060    
 95.326100      342.62430    
 100.42470      249.08870    
 109.88210      231.51510    
 124.56250      343.39960    
 140.17230      236.72320    
 146.20180      243.52770    
 142.18990      343.09670    
 135.83840      223.27340    
 132.91000      255.11160    
 133.99110      341.71410    
 137.76740      208.15380    
 127.29790      266.42150    
 108.43540      339.24990    
 90.536290      190.63510    
 91.353630      277.42380    
 97.650870      335.70240    
 102.13380      169.92400    
 96.638220      287.97660    
 88.736630      331.07230    
 80.770130      145.22940    
 76.907900      297.90290    
 74.722870      325.36650    
 75.659160      115.81470    
 82.928590      307.04280    
 92.611670      318.60050    
 92.225270      81.191460    
 101.10180      315.26620    
 98.164510      310.82460    
 91.836720      104.13360    
 101.05260      322.49130    
 107.23520      302.10050    
 107.87650      135.20980    
 98.787130      328.67600    
 88.745970      292.53400    
 87.226690      161.31410    
 90.078460      333.78520    
 98.208690      282.27380    
 102.53010      183.16040    
 98.968020      337.81270    
 92.843630      271.48390    
 90.630170      201.53720    
 92.785230      340.75640    
 98.194600      260.31370    
 105.20450      217.25820    
 113.23130      342.61770    
 118.83400      248.83010    
 123.51200      231.17520    
 128.43750      344.07010    
 131.58920      237.28660    
 129.60480      255.98960    
 124.18400      474.33000    
 84.444430      503.68600    
 79.658680      293.67110    
 77.552300      204.52510    
 85.845900      341.52430    
 92.866840      260.90450    
 96.318310      218.68060    
 93.847690      342.62430    
 91.067590      249.08870    
 99.377900      231.51510    
 121.75130      343.39960    
 144.92480      236.72320    
 148.94460      243.52770    
 135.89310      343.09670    
 125.22540      223.27340    
 122.17900      255.11160    
 122.79100      341.71410    
 119.92560      208.15380    
 114.68810      266.42150    
 107.90220      339.24990    
 104.79600      190.63510    
 97.488530      277.42380    
 91.379350      335.70240    
 83.941870      169.92400    
 88.694540      287.97660    
 94.966460      331.07230    
 105.20930      145.22940    
 90.236620      297.90290    
 79.214260      325.36650    
 79.927190      115.81470    
 81.394910      307.04280    
 92.208510      318.60050    
 105.79050      81.191460    
 100.44430      315.26620    
 96.283160      310.82460    
 98.962070      104.13360    
 101.27020      322.49130    
 109.32750      302.10050    
 112.42700      135.20980    
 96.739620      328.67600    
 76.910370      292.53400    
 63.335870      161.31410    
 79.653750      333.78520    
 92.109900      282.27380    
 96.783460      183.16040    
 97.225960      337.81270    
 89.220320      271.48390    
 85.554380      201.53720    
 99.343990      340.75640    
 113.86480      260.31370    
 121.85530      217.25820    
 118.84890      342.61770    
 117.33680      248.83010    
 120.76450      231.17520    
 130.39740      344.07010    
 141.73370      237.28660    
 140.26150      255.98960    
 128.48650      474.33000    
 75.055740      503.68600    
 66.029790      293.67110    
 62.993590      204.52530    
 74.566000      341.52510    
 87.131920      260.90450    
 94.277060      218.68060    
 93.162540      342.62430    
 95.589520      249.08870    
 102.63560      231.51510    
 114.59260      343.39960    
 129.15600      236.72320    
 130.95830      243.52770    
 122.03890      343.09670    
 121.18710      223.27340    
 117.98420      255.11160    
 113.39770      341.71410    
 108.42330      208.15380    
 105.59610      266.42150    
 102.88670      339.24990    
 102.87150      190.63510    
 95.610390      277.42380    
 89.326990      335.70240    
 83.763060      169.92400    
 89.284970      287.97660    
 95.085030      331.07230    
 94.001170      145.22940    
 88.631520      297.90290    
 76.262790      325.36650    
 58.359550      115.81470    
 73.389260      307.04280    
 86.689410      318.60050    
 104.53370      81.191460    
 95.590070      315.26620    
 90.970190      310.82460    
 85.724500      104.13360    
 98.504930      322.49130    
 107.58170      302.10050    
 113.24690      135.20980    
 94.791020      328.67600    
 75.637500      292.53400    
 65.320840      161.31410    
 77.865020      333.78520    
 94.266160      282.27380    
 106.35240      183.16040    
 101.97300      337.81270    
 100.04240      271.48390    
 101.37400      201.53720    
 105.71530      340.75640    
 114.62230      260.31370    
 119.89450      217.25820    
 117.91360      342.61770    
 124.04730      248.83010    
 128.04470      231.17520    
 126.75690      344.07020    
 127.37200      237.28680    
 126.98050      255.98960    
 124.54480      474.33000    
 75.154330      503.68600    
 65.530850      293.67110    
 61.420590      204.52580    
 68.109090      341.52760    
 71.675090      260.90480    
 77.085670      218.68060    
 88.305570      342.62430    
 100.06710      249.08870    
 105.89650      231.51510    
 102.83970      343.39960    
 95.569970      236.72320    
 95.104010      243.52770    
 99.083630      343.09670    
 94.796780      223.27340    
 97.488530      255.11160    
 105.50670      341.71410    
 109.45900      208.15380    
 105.34430      266.42150    
 93.918630      339.24990    
 78.333490      190.63510    
 80.189600      277.42380    
 89.289620      335.70240    
 102.01970      169.92400    
 97.429730      287.97660    
 94.424110      331.07230    
 97.037300      145.22940    
 85.745630      297.90290    
 76.922870      325.36650    
 77.542610      115.81470    
 71.523370      307.04280    
 73.484390      318.60050    
 72.025630      81.191460    
 82.426430      315.26620    
 87.812670      310.82460    
 94.535550      104.13360    
 99.606860      322.49130    
 102.37750      302.10050    
 97.082140      135.20980    
 94.605000      328.67600    
 82.690680      292.53400    
 72.154690      161.31410    
 82.119860      333.78520    
 90.982240      282.27380    
 97.702800      183.16040    
 104.88330      337.81270    
 110.29870      271.48390    
 111.56130      201.53720    
 108.52040      340.75640    
 101.66740      260.31370    
 99.425770      217.25820    
 106.52880      342.61770    
 113.45180      248.83010    
 117.66430      231.17520    
 117.97460      344.07080    
 118.92130      237.28740    
 120.01890      255.98960    
 120.37440      474.33000    
 78.583890      504.73830    
 73.638930      293.82180    
 70.525430      204.52730    
 70.927710      341.53220    
 67.929490      260.90490    
 70.652920      218.68040    
 84.361470      342.62330    
 92.635310      249.08830    
 96.850200      231.51490    
 96.199810      343.39940    
 86.760340      236.72320    
 85.305740      243.52770    
 88.568920      343.09670    
 79.220220      223.27340    
 84.873750      255.11160    
 102.36840      341.71410    
 116.55020      208.15320    
 111.10450      266.42150    
 93.334430      339.24990    
 68.684470      190.63470    
 75.250760      277.42380    
 88.687110      335.70240    
 90.709150      169.92370    
 93.477730      287.97660    
 89.810940      331.07230    
 78.159240      145.22930    
 78.208230      297.90290    
 73.575600      325.36650    
 66.248100      115.81460    
 65.422230      307.04120    
 63.787380      318.60050    
 63.758080      81.191450    
 73.766840      315.26620    
 84.969270      310.82460    
 95.382320      104.13360    
 104.27830      322.49120    
 109.66200      302.09900    
 106.99960      135.20980    
 105.88260      328.67570    
 99.347760      292.53390    
 95.294650      161.31410    
 90.719100      333.78510    
 91.224030      282.27340    
 95.884230      183.16040    
 106.25440      337.81250    
 119.90340      271.48390    
 125.18150      201.53720    
 110.60870      340.75640    
 99.558100      260.31370    
 94.905240      217.25820    
 95.516850      342.61770    
 93.468670      248.83010    
 96.832080      231.17540    
 107.82260      344.07340    
 115.58250      237.28890    
 118.14010      255.98960    
 116.79650      474.33000    
 80.192860      504.53860    
 82.321160      293.71420    
 84.096450      204.53330    
 79.628240      341.54820    
 80.211260      260.90790    
 83.593970      218.67950    
 87.801540      342.61180    
 92.077550      249.08340    
 96.438680      231.51200    
 100.87200      343.38480    
 105.68390      236.71950    
 104.87710      243.52310    
 98.767130      343.08380    
 93.162310      223.27070    
 96.162940      255.11100    
 104.60510      341.71200    
 108.75270      208.15260    
 108.79890      266.42040    
 105.66260      339.24740    
 103.39630      190.63420    
 98.977420      277.42240    
 97.060420      335.69930    
 99.770360      169.92340    
 94.377780      287.97450    
 90.509500      331.06860    
 86.639400      145.22900    
 79.072870      297.90030    
 70.773050      325.36220    
 63.826770      115.81450    
 60.994010      307.03180    
 59.350760      318.58800    
 57.943060      81.191330    
 70.023480      315.25420    
 83.193380      310.81140    
 96.165860      104.13360    
 111.31610      322.47030    
 126.44300      302.08290    
 136.87470      135.20980    
 121.91510      328.65310    
 109.73900      292.51810    
 103.06420      161.31390    
 95.062570      333.76280    
 93.264720      282.26000    
 95.162240      183.16030    
 104.63940      337.79840    
 113.44390      271.47810    
 115.89930      201.53590    
 106.20980      340.74380    
 96.837360      260.30930    
 92.061790      217.25810    
 91.525860      342.61700    
 88.941830      248.82960    
 91.894050      231.17560    
 102.44350      344.07860    
 110.89100      237.29280    
 114.87100      256.07560    
 115.66460      475.20190    
 85.081860      505.82930    
 82.069620      293.85900    
 80.736180      204.54130    
 85.035310      341.62370    
 90.435940      260.93000    
 94.217840      218.69290    
 94.269910      342.77360    
 92.655430      249.10770    
 96.908770      231.51790    
 108.35050      343.45970    
 116.43170      236.73300    
 117.67060      243.52880    
 114.27500      343.08150    
 114.66880      223.27010    
 114.99960      255.10270    
 113.86270      341.68970    
 105.50940      208.15070    
 109.84120      266.41090    
 118.64750      339.22680    
 131.23930      190.63360    
 119.23490      277.41180    
 104.01860      335.68110    
 91.286480      169.92360    
 91.653850      287.96370    
 91.844360      331.05310    
 95.965720      145.22970    
 81.058350      297.89070    
 69.201350      325.35180    
 60.916330      115.81500    
 59.637970      307.03010    
 59.890270      318.59020    
 60.145470      81.191570    
 70.449950      315.25840    
 82.710710      310.81930    
 98.324260      104.13420    
 116.31470      322.49230    
 137.28840      302.09990    
 148.42540      135.21110    
 130.72110      328.68700    
 108.59360      292.53790    
 93.438240      161.31600    
 92.497130      333.80880    
 97.315280      282.27430    
 102.32520      183.16180    
 100.69350      337.81280    
 100.26060      271.48340    
 99.732560      201.53780    
 99.329890      340.73900    
 94.446390      260.30450    
 91.433040      217.25660    
 94.015940      342.60380    
 96.597960      248.82730    
 99.126190      231.17800    
 100.81510      344.09000    
 102.05960      237.30450    
 105.24390      256.01310    
 109.67000      475.12620    
 92.364080      519.07950    
 88.479750      297.60180    
 85.949300      204.99230    
 90.494100      345.41930    
 94.497600      262.62120    
 98.895340      219.59300    
 102.56650      347.92040    
 107.31800      250.99940    
 112.93570      232.53850    
 119.41830      346.10250    
 123.03410      237.06160    
 125.29310      243.59250    
 126.48630      343.37310    
 125.34380      223.29880    
 127.69530      255.17880    
 132.52690      342.02910    
 140.17050      208.17280    
 133.97110      266.53670    
 123.20180      339.64510    
 112.76070      190.65090    
 111.53010      277.61240    
 109.43210      336.18710    
 101.34280      169.93580    
 98.168550      288.27400    
 89.675840      331.65780    
 72.292420      145.23690    
 73.022900      298.35330    
 69.547700      326.06140    
 57.574280      115.81860    
 63.782720      307.70030    
 65.425300      319.41260    
 67.674210      81.193940    
 73.724520      316.19900    
 82.547490      311.75420    
 92.330960      104.14720    
 116.63910      323.77650    
 141.35450      303.14730    
 156.94060      135.25560    
 133.26920      330.39960    
 105.75630      293.69880    
 84.646580      161.42370    
 88.126470      336.04690    
 93.081340      283.54800    
 97.575200      183.30100    
 93.239950      339.12920    
 90.726880      271.84620    
 91.219500      201.55210    
 96.915140      340.86680    
 101.60000      260.33640    
 102.65960      217.26850    
 100.13980      342.73850    
 96.340060      248.85170    
 96.441220      231.19240    
 101.54310      344.19770    
 106.09920      237.31680    
 107.44260      256.12410    
 105.85440      476.74830    
 97.465390      569.17380    
 100.02250      358.87570    
 102.29250      257.51900    
 96.687510      390.20430    
 92.969570      321.24590    
 96.415600      283.29450    
 109.80460      397.45290    
 125.63720      320.99980    
 133.13520      301.75500    
 131.44220      373.38130    
 135.68330      240.93040    
 138.26660      245.96480    
 138.83860      350.84520    
 142.81410      225.34640    
 144.44480      258.83740    
 146.94420      350.91230    
 154.53130      210.26450    
 144.78350      271.86210    
 124.57960      350.01610    
 106.78120      192.73970    
 108.49060      285.05310    
 119.37970      348.23690    
 133.49350      171.97870    
 117.07420      298.34100    
 95.634720      345.72220    
 77.204190      147.19010    
 75.373920      311.49540    
 78.571200      342.45680    
 85.695280      117.61550    
 77.052220      324.23470    
 73.184330      338.43970    
 71.398860      82.769950    
 79.009030      336.43180    
 86.845570      333.87670    
 96.719510      109.16250    
 114.96090      347.74740    
 135.32690      328.79840    
 147.67570      146.91400    
 129.12890      358.36190    
 107.73360      323.79240    
 92.708410      181.89760    
 88.003750      368.09530    
 84.160000      318.90470    
 79.612970      212.33180    
 85.086670      360.65800    
 84.941930      275.95340    
 86.759880      201.96930    
 96.318780      344.51330    
 107.37210      261.82460    
 112.25420      218.01900    
 106.28760      347.29890    
 103.58830      250.43540    
 102.78390      232.38260    
 103.32820      349.25410    
 106.04520      238.74660    
 106.17610      259.64000    
 103.97830      492.34840    
 90.963360      682.44000    
 94.308330      563.15450    
 98.207290      498.78230    
 96.020690      518.46500    
 94.583760      504.56480    
 101.96490      497.51380    
 110.87890      520.65160    
 121.48660      503.52440    
 131.31420      488.41900    
 134.71220      462.21020    
 139.54390      335.77340    
 143.51900      333.46870    
 145.41610      413.29150    
 151.07410      331.86150    
 152.53610      353.74340    
 149.79340      419.20070    
 148.15200      339.76830    
 140.02920      373.55070    
 127.01120      425.27210    
 116.23040      349.95230    
 113.58920      391.84960    
 122.13920      431.20910    
 130.32270      361.89270    
 118.65670      408.76460    
 101.09610      437.14240    
 88.266400      375.16300    
 82.307820      424.41750    
 83.840960      443.19310    
 86.322430      389.34630    
 81.907610      438.92690    
 78.021080      449.46720    
 77.335190      404.07280    
 84.769680      452.40820    
 91.196980      456.05080    
 98.481940      418.99300    
 111.14730      464.97300    
 123.17130      463.00560    
 129.34740      433.92440    
 121.24310      476.72810    
 108.47960      470.36850    
 99.644850      447.55890    
 92.547650      485.47440    
 87.909530      472.90290    
 83.742450      447.66690    
 84.391250      446.19920    
 85.881000      328.13080    
 89.313990      245.50780    
 96.041230      386.86190    
 102.61100      314.08460    
 105.69480      272.78220    
 106.17750      394.26390    
 107.21890      313.69720    
 107.40900      298.66830    
 102.97810      401.39790    
 97.723350      317.15270    
 97.334450      352.04190    
 101.39810      565.18060    
